/usr/agl/bin/SS_SystemManager|||cap_sys_nice,cap_setuid,cap_setgid,cap_sys_resource+ep|y
/usr/agl/bin/tskmgr|||cap_sys_nice,cap_setuid,cap_setgid=ep|y
/usr/agl/bin/SS_DeviceDetectionService|||cap_setuid,cap_setgid,cap_sys_resource,cap_dac_override,cap_sys_admin+ep|y
/usr/agl/bin/communication|||cap_dac_override+ep|y
/usr/agl/bin/AS_AudioManager|||cap_sys_nice+ep|y
/usr/agl/bin/acmsrv|||cap_dac_override,cap_sys_admin,cap_sys_nice,cap_sys_resource,cap_chown,cap_fowner,cap_setgid,cap_setuid,cap_kill+ep|y
/usr/agl/bin/PS_SwitchHandler|||cap_sys_admin,cap_dac_override+ep|y
/usr/agl/bin/LockManager|||cap_kill+ep|y
/usr/agl/bin/nandupdate|||cap_dac_override+ep|y
/usr/agl/bin/wlan_controller|||cap_net_raw,cap_net_admin+ep|y
/usr/agl/bin/DummyRead|||cap_dac_read_search+ep|y
/usr/agl/bin/clock|||cap_sys_time+ep|y
/usr/agl/bin/Mounter|||cap_sys_admin,cap_dac_override+ep|y
/usr/agl/bin/MounterEx|||cap_sys_admin,cap_fowner,cap_dac_override,cap_chown+ep|y
/usr/agl/bin/DevReproService|||cap_chown,cap_fowner,cap_dac_override+ep|y
/usr/agl/bin/PS_CDR|||cap_sys_admin+ep|y
/usr/agl/bin/webdavmgr|||cap_net_admin,cap_net_raw+ep|y
/usr/agl/bin/DiagService|||cap_sys_rawio,cap_dac_override+ep|y
/usr/agl/bin/resm|||cap_setuid+ep|y
/usr/agl/bin/SS_LoggerService|||cap_dac_override+ep|y
/usr/agl/bin/NetworkManager|||cap_setuid,cap_setgid,cap_sys_admin,cap_chown,cap_kill,cap_net_raw,cap_net_admin,cap_net_bind_service+ep|y
/usr/agl/bin/RadioService|||cap_sys_nice+ep|y
/usr/agl/bin/ASND_VProxy|||cap_sys_nice+ep|y
/usr/agl/bin/misink|||cap_sys_nice+ep|y
/usr/agl/bin/mlink|||cap_sys_nice+ep|y
/usr/agl/bin/media_service|||cap_dac_override,cap_sys_nice+ep|y
/usr/agl/bin/_CWORD74__service|||cap_dac_override+ep|y
/usr/agl/bin/PlaybackService|||cap_sys_nice+ep|y
/usr/agl/bin/Positioning|||cap_dac_override+ep|y
/usr/agl/bin/vehicle|||cap_dac_override+ep|y
/usr/agl/bin/bluetooth_srv|||cap_dac_override,cap_sys_nice+ep|y
/usr/agl/bin/btd_srv|||cap_dac_override,cap_sys_nice+ep|y
/usr/agl/bin/NS_BackupMgr|||cap_dac_override+ep|y
/usr/agl/bin/Sound|||cap_dac_override+ep|y
