/bin/udevadm|||cap_dac_override+ep|y
/sbin/ifconfig|||cap_net_admin+ep|y
/usr/libexec/firmware|||cap_sys_rawio,cap_dac_override+ep|y
/usr/bin/fusedav|||cap_sys_admin+ep|y
/sbin/dhclient|||cap_net_bind_service,cap_net_admin,cap_net_raw,cap_chown,cap_kill,cap_sys_admin+ep|y
/sbin/dhcpd|||cap_net_bind_service,cap_net_admin,cap_net_raw,cap_chown,cap_kill,cap_sys_admin+ep|y
/usr/debug/bin/busybox|||cap_sys_module,cap_net_raw+ep|y
/sbin/insmod|||cap_sys_module+ep|y
/sbin/rmmod|||cap_sys_module+ep|y
/usr/sbin/xtables-multi|||cap_net_raw,cap_net_admin+ep|y
/usr/bin/fusermount|||cap_sys_admin+ep|y
/usr/bin/simple-mtpfs|||cap_sys_admin+ep|y
/sbin/slattach|||cap_net_admin+ep|y
/sbin/mkfs.ext4|||cap_dac_override+ep|y
/sbin/losetup|||cap_dac_override+ep|y
/usr/bin/aplay|||cap_sys_nice+ep|y
/usr/bin/modetest|||cap_sys_admin+ep|y
/sbin/fsck.ext4|||cap_dac_override+ep|y
/usr/sbin/tune2fs|||cap_dac_override+ep|y
/usr/bin/syslogd|||cap_dac_override+ep|y
/usr/bin/dnsmasq|||cap_net_bind_service,cap_net_admin,cap_net_raw,cap_chown,cap_kill,cap_setgid,cap_setuid,cap_sys_admin+ep|y
/usr/sbin/pppd|||cap_setuid,cap_sys_admin,cap_chown,cap_fowner,cap_kill,cap_net_admin,cap_dac_override+ep|y
/sbin/ip|||cap_net_bind_service,cap_net_admin,cap_net_raw+ep|y
/usr/bin/arping|||cap_net_bind_service,cap_net_admin,cap_net_raw,cap_setuid+ep|y
